\BOOKMARK [1][-]{section.1}{\376\377\000G\000I\036\332\000I\000\040\000T\000H\000I\036\306\000U}{}% 1
\BOOKMARK [1][-]{section.2}{\376\377\000N\000G\000H\000I\000\312\000N\000\040\000C\036\350\000U\000\040\000L\000I\000\312\000N\000\040\000Q\000U\000A\000N}{}% 2
\BOOKMARK [1][-]{section.3}{\376\377\000P\000H\001\257\001\240\000N\000G\000\040\000P\000H\000\301\000P}{}% 3
\BOOKMARK [2][-]{subsection.3.1}{\376\377\000D\000A\000T\000A\000S\000E\000T}{section.3}% 4
\BOOKMARK [2][-]{subsection.3.2}{\376\377\000T\000H\000U\036\254\000T\000\040\000T\000O\000\301\000N\000\040\000R\000N\000N}{section.3}% 5
\BOOKMARK [3][-]{subsubsection.3.2.1}{\376\377\000C\036\245\000u\000\040\000t\000r\000\372\000c\000\040\000v\000\340\000\040\000h\000o\036\241\000t\000\040\001\021\036\331\000n\000g\000\040\000c\036\347\000a\000\040\000R\000N\000N}{subsection.3.2}% 6
\BOOKMARK [3][-]{subsubsection.3.2.2}{\376\377\000C\000\364\000n\000g\000\040\000t\000h\036\351\000c\000\040\000c\036\347\000a\000\040\000R\000N\000N}{subsection.3.2}% 7
\BOOKMARK [2][-]{subsection.3.3}{\376\377\000T\000H\000U\036\254\000T\000\040\000T\000O\000\301\000N\000\040\000L\000I\000G\000H\000T\000G\000B\000M}{section.3}% 8
\BOOKMARK [2][-]{subsection.3.4}{\376\377\000T\000H\000U\036\254\000T\000\040\000T\000O\000\301\000N\000\040\000V\000A\000R\000M\000A}{section.3}% 9
\BOOKMARK [2][-]{subsection.3.5}{\376\377\000A\000R\000I\000M\000A}{section.3}% 10
\BOOKMARK [2][-]{subsection.3.6}{\376\377\000T\000H\000U\036\254\000T\000\040\000T\000O\000\301\000N\000\040\000G\000R\000A\000D\000I\000E\000N\000T\000\040\000B\000O\000O\000S\000T\000I\000N\000G\000\040\000R\000E\000G\000R\000E\000S\000S\000I\000O\000N}{section.3}% 11
\BOOKMARK [2][-]{subsection.3.7}{\376\377\000T\000H\000U\036\254\000T\000\040\000T\000O\000\301\000N\000\040\000X\000G\000B\000o\000o\000s\000t}{section.3}% 12
\BOOKMARK [2][-]{subsection.3.8}{\376\377\000T\000H\000U\036\254\000T\000\040\000T\000O\000\301\000N\000\040\000N\000-\000B\000E\000A\000T}{section.3}% 13
\BOOKMARK [1][-]{section.4}{\376\377\000T\000H\036\360\000C\000\040\000N\000G\000H\000I\036\306\000M}{}% 14
\BOOKMARK [2][-]{subsection.4.1}{\376\377\000M\000\324\000\040\000H\000\314\000N\000H\000\040\000D\036\360\000\040\001\020\000O\000\301\000N\000\040}{section.4}% 15
\BOOKMARK [3][-]{subsubsection.4.1.1}{\376\377\000A\000R\000I\000M\000A}{subsection.4.1}% 16
\BOOKMARK [3][-]{subsubsection.4.1.2}{\376\377\000L\000I\000N\000E\000A\000R\000\040\000R\000E\000G\000R\000E\000S\000S\000I\000O\000N}{subsection.4.1}% 17
\BOOKMARK [3][-]{subsubsection.4.1.3}{\376\377\000V\000A\000R\000M\000A}{subsection.4.1}% 18
\BOOKMARK [3][-]{subsubsection.4.1.4}{\376\377\000G\000R\000A\000D\000I\000E\000N\000T\000B\000O\000O\000S\000T\000I\000N\000G\000R\000E\000G\000R\000E\000S\000S\000O\000R}{subsection.4.1}% 19
\BOOKMARK [3][-]{subsubsection.4.1.5}{\376\377\000X\000G\000B\000O\000O\000S\000T}{subsection.4.1}% 20
\BOOKMARK [3][-]{subsubsection.4.1.6}{\376\377\000G\000R\000A\000D\000I\000E\000N\000T\000B\000O\000O\000S\000T\000I\000N\000G\000R\000E\000G\000R\000E\000S\000S\000O\000R}{subsection.4.1}% 21
\BOOKMARK [3][-]{subsubsection.4.1.7}{\376\377\000N\000-\000B\000E\000A\000T}{subsection.4.1}% 22
\BOOKMARK [1][-]{section.5}{\376\377\000T\000\300\000I\000\040\000L\000I\036\306\000U\000\040\000T\000H\000A\000M\000\040\000K\000H\036\242\000O}{}% 23
