This is pdfTeX, Version 3.141592653-2.6-1.40.26 (TeX Live 2024) (preloaded format=pdflatex 2024.6.9)  21 JUN 2024 00:07
entering extended mode
 restricted \write18 enabled.
 file:line:error style messages enabled.
 %&-line parsing enabled.
**"d:/New folder/IS403_O21_19/Latex/Report.tex"
(d:/New folder/IS403_O21_19/Latex/Report.tex
LaTeX2e <2023-11-01> patch level 1
L3 programming layer <2024-02-20>
(c:/texlive/2024/texmf-dist/tex/latex/ieeetran/IEEEtran.cls
Document Class: IEEEtran 2015/08/26 V1.8b by Michael Shell
-- See the "IEEEtran_HOWTO" manual for usage information.
-- http://www.michaelshell.org/tex/ieeetran/
\@IEEEtrantmpdimenA=\dimen140
\@IEEEtrantmpdimenB=\dimen141
\@IEEEtrantmpdimenC=\dimen142
\@IEEEtrantmpcountA=\count188
\@IEEEtrantmpcountB=\count189
\@IEEEtrantmpcountC=\count190
\@IEEEtrantmptoksA=\toks17
LaTeX Font Info:    Trying to load font information for OT1+ptm on input line 503.
(c:/texlive/2024/texmf-dist/tex/latex/psnfss/ot1ptm.fd
File: ot1ptm.fd 2001/06/04 font definitions for OT1/ptm.
)
-- Using 8.5in x 11in (letter) paper.
-- Using PDF output.
\@IEEEnormalsizeunitybaselineskip=\dimen143
-- This is a 10 point document.
\CLASSINFOnormalsizebaselineskip=\dimen144
\CLASSINFOnormalsizeunitybaselineskip=\dimen145
\IEEEnormaljot=\dimen146
LaTeX Font Info:    Font shape `OT1/ptm/bx/n' in size <5> not available
(Font)              Font shape `OT1/ptm/b/n' tried instead on input line 1090.
LaTeX Font Info:    Font shape `OT1/ptm/bx/it' in size <5> not available
(Font)              Font shape `OT1/ptm/b/it' tried instead on input line 1090.
LaTeX Font Info:    Font shape `OT1/ptm/bx/n' in size <7> not available
(Font)              Font shape `OT1/ptm/b/n' tried instead on input line 1090.
LaTeX Font Info:    Font shape `OT1/ptm/bx/it' in size <7> not available
(Font)              Font shape `OT1/ptm/b/it' tried instead on input line 1090.
LaTeX Font Info:    Font shape `OT1/ptm/bx/n' in size <8> not available
(Font)              Font shape `OT1/ptm/b/n' tried instead on input line 1090.
LaTeX Font Info:    Font shape `OT1/ptm/bx/it' in size <8> not available
(Font)              Font shape `OT1/ptm/b/it' tried instead on input line 1090.
LaTeX Font Info:    Font shape `OT1/ptm/bx/n' in size <9> not available
(Font)              Font shape `OT1/ptm/b/n' tried instead on input line 1090.
LaTeX Font Info:    Font shape `OT1/ptm/bx/it' in size <9> not available
(Font)              Font shape `OT1/ptm/b/it' tried instead on input line 1090.
LaTeX Font Info:    Font shape `OT1/ptm/bx/n' in size <10> not available
(Font)              Font shape `OT1/ptm/b/n' tried instead on input line 1090.
LaTeX Font Info:    Font shape `OT1/ptm/bx/it' in size <10> not available
(Font)              Font shape `OT1/ptm/b/it' tried instead on input line 1090.
LaTeX Font Info:    Font shape `OT1/ptm/bx/n' in size <11> not available
(Font)              Font shape `OT1/ptm/b/n' tried instead on input line 1090.
LaTeX Font Info:    Font shape `OT1/ptm/bx/it' in size <11> not available
(Font)              Font shape `OT1/ptm/b/it' tried instead on input line 1090.
LaTeX Font Info:    Font shape `OT1/ptm/bx/n' in size <12> not available
(Font)              Font shape `OT1/ptm/b/n' tried instead on input line 1090.
LaTeX Font Info:    Font shape `OT1/ptm/bx/it' in size <12> not available
(Font)              Font shape `OT1/ptm/b/it' tried instead on input line 1090.
LaTeX Font Info:    Font shape `OT1/ptm/bx/n' in size <17> not available
(Font)              Font shape `OT1/ptm/b/n' tried instead on input line 1090.
LaTeX Font Info:    Font shape `OT1/ptm/bx/it' in size <17> not available
(Font)              Font shape `OT1/ptm/b/it' tried instead on input line 1090.
LaTeX Font Info:    Font shape `OT1/ptm/bx/n' in size <20> not available
(Font)              Font shape `OT1/ptm/b/n' tried instead on input line 1090.
LaTeX Font Info:    Font shape `OT1/ptm/bx/it' in size <20> not available
(Font)              Font shape `OT1/ptm/b/it' tried instead on input line 1090.
LaTeX Font Info:    Font shape `OT1/ptm/bx/n' in size <24> not available
(Font)              Font shape `OT1/ptm/b/n' tried instead on input line 1090.
LaTeX Font Info:    Font shape `OT1/ptm/bx/it' in size <24> not available
(Font)              Font shape `OT1/ptm/b/it' tried instead on input line 1090.
\IEEEquantizedlength=\dimen147
\IEEEquantizedlengthdiff=\dimen148
\IEEEquantizedtextheightdiff=\dimen149
\IEEEilabelindentA=\dimen150
\IEEEilabelindentB=\dimen151
\IEEEilabelindent=\dimen152
\IEEEelabelindent=\dimen153
\IEEEdlabelindent=\dimen154
\IEEElabelindent=\dimen155
\IEEEiednormlabelsep=\dimen156
\IEEEiedmathlabelsep=\dimen157
\IEEEiedtopsep=\skip48
\c@section=\count191
\c@subsection=\count192
\c@subsubsection=\count193
\c@paragraph=\count194
\c@IEEEsubequation=\count195
\abovecaptionskip=\skip49
\belowcaptionskip=\skip50
\c@figure=\count196
\c@table=\count197
\@IEEEeqnnumcols=\count198
\@IEEEeqncolcnt=\count199
\@IEEEsubeqnnumrollback=\count266
\@IEEEquantizeheightA=\dimen158
\@IEEEquantizeheightB=\dimen159
\@IEEEquantizeheightC=\dimen160
\@IEEEquantizeprevdepth=\dimen161
\@IEEEquantizemultiple=\count267
\@IEEEquantizeboxA=\box51
\@IEEEtmpitemindent=\dimen162
\IEEEPARstartletwidth=\dimen163
\c@IEEEbiography=\count268
\@IEEEtranrubishbin=\box52
) (c:/texlive/2024/texmf-dist/tex/latex/base/inputenc.sty
Package: inputenc 2021/02/14 v1.3d Input encoding file
\inpenc@prehook=\toks18
\inpenc@posthook=\toks19
) (c:/texlive/2024/texmf-dist/tex/generic/babel/babel.sty
Package: babel 2024/02/07 v24.2 The Babel package
\babel@savecnt=\count269
\U@D=\dimen164
\l@unhyphenated=\language89
 (c:/texlive/2024/texmf-dist/tex/generic/babel/txtbabel.def)
\bbl@readstream=\read2
\bbl@dirlevel=\count270
 (c:/texlive/2024/texmf-dist/tex/generic/babel-vietnamese/vietnamese.ldf
Language: vietnamese 
 Loading definitions for the Vietnamese font encoding (c:/texlive/2024/texmf-dist/tex/latex/vntex/t5enc.def
File: t5enc.def 2006/11/21 v1.4 Vietnamese T5 encoding
Now handling font encoding T5 ...
... processing UTF-8 mapping file for font encoding T5
 (c:/texlive/2024/texmf-dist/tex/latex/vntex/t5enc.dfu
File: t5enc.dfu 2006/08/19 v1.1 UTF8 support for Vietnamese
   defining Unicode char U+00AB (decimal 171)
   defining Unicode char U+00BB (decimal 187)
   defining Unicode char U+00C0 (decimal 192)
   defining Unicode char U+00C1 (decimal 193)
   defining Unicode char U+00C2 (decimal 194)
   defining Unicode char U+00C3 (decimal 195)
   defining Unicode char U+00C8 (decimal 200)
   defining Unicode char U+00C9 (decimal 201)
   defining Unicode char U+00CA (decimal 202)
   defining Unicode char U+00CC (decimal 204)
   defining Unicode char U+00CD (decimal 205)
   defining Unicode char U+00D2 (decimal 210)
   defining Unicode char U+00D3 (decimal 211)
   defining Unicode char U+00D4 (decimal 212)
   defining Unicode char U+00D5 (decimal 213)
   defining Unicode char U+00D9 (decimal 217)
   defining Unicode char U+00DA (decimal 218)
   defining Unicode char U+00DD (decimal 221)
   defining Unicode char U+00E0 (decimal 224)
   defining Unicode char U+00E1 (decimal 225)
   defining Unicode char U+00E2 (decimal 226)
   defining Unicode char U+00E3 (decimal 227)
   defining Unicode char U+00E8 (decimal 232)
   defining Unicode char U+00E9 (decimal 233)
   defining Unicode char U+00EA (decimal 234)
   defining Unicode char U+00EC (decimal 236)
   defining Unicode char U+00ED (decimal 237)
   defining Unicode char U+00F2 (decimal 242)
   defining Unicode char U+00F3 (decimal 243)
   defining Unicode char U+00F4 (decimal 244)
   defining Unicode char U+00F5 (decimal 245)
   defining Unicode char U+00F9 (decimal 249)
   defining Unicode char U+00FA (decimal 250)
   defining Unicode char U+00FD (decimal 253)
   defining Unicode char U+0102 (decimal 258)
   defining Unicode char U+0103 (decimal 259)
   defining Unicode char U+0110 (decimal 272)
   defining Unicode char U+0111 (decimal 273)
   defining Unicode char U+0128 (decimal 296)
   defining Unicode char U+0129 (decimal 297)
   defining Unicode char U+0131 (decimal 305)
   defining Unicode char U+0168 (decimal 360)
   defining Unicode char U+0169 (decimal 361)
   defining Unicode char U+01A0 (decimal 416)
   defining Unicode char U+01A1 (decimal 417)
   defining Unicode char U+01AF (decimal 431)
   defining Unicode char U+01B0 (decimal 432)
   defining Unicode char U+1EA0 (decimal 7840)
   defining Unicode char U+1EA1 (decimal 7841)
   defining Unicode char U+1EA2 (decimal 7842)
   defining Unicode char U+1EA3 (decimal 7843)
   defining Unicode char U+1EA4 (decimal 7844)
   defining Unicode char U+1EA5 (decimal 7845)
   defining Unicode char U+1EA6 (decimal 7846)
   defining Unicode char U+1EA7 (decimal 7847)
   defining Unicode char U+1EA8 (decimal 7848)
   defining Unicode char U+1EA9 (decimal 7849)
   defining Unicode char U+1EAA (decimal 7850)
   defining Unicode char U+1EAB (decimal 7851)
   defining Unicode char U+1EAC (decimal 7852)
   defining Unicode char U+1EAD (decimal 7853)
   defining Unicode char U+1EAE (decimal 7854)
   defining Unicode char U+1EAF (decimal 7855)
   defining Unicode char U+1EB0 (decimal 7856)
   defining Unicode char U+1EB1 (decimal 7857)
   defining Unicode char U+1EB2 (decimal 7858)
   defining Unicode char U+1EB3 (decimal 7859)
   defining Unicode char U+1EB4 (decimal 7860)
   defining Unicode char U+1EB5 (decimal 7861)
   defining Unicode char U+1EB6 (decimal 7862)
   defining Unicode char U+1EB7 (decimal 7863)
   defining Unicode char U+1EB8 (decimal 7864)
   defining Unicode char U+1EB9 (decimal 7865)
   defining Unicode char U+1EBA (decimal 7866)
   defining Unicode char U+1EBB (decimal 7867)
   defining Unicode char U+1EBC (decimal 7868)
   defining Unicode char U+1EBD (decimal 7869)
   defining Unicode char U+1EBE (decimal 7870)
   defining Unicode char U+1EBF (decimal 7871)
   defining Unicode char U+1EC0 (decimal 7872)
   defining Unicode char U+1EC1 (decimal 7873)
   defining Unicode char U+1EC2 (decimal 7874)
   defining Unicode char U+1EC3 (decimal 7875)
   defining Unicode char U+1EC4 (decimal 7876)
   defining Unicode char U+1EC5 (decimal 7877)
   defining Unicode char U+1EC6 (decimal 7878)
   defining Unicode char U+1EC7 (decimal 7879)
   defining Unicode char U+1EC8 (decimal 7880)
   defining Unicode char U+1EC9 (decimal 7881)
   defining Unicode char U+1ECA (decimal 7882)
   defining Unicode char U+1ECB (decimal 7883)
   defining Unicode char U+1ECC (decimal 7884)
   defining Unicode char U+1ECD (decimal 7885)
   defining Unicode char U+1ECE (decimal 7886)
   defining Unicode char U+1ECF (decimal 7887)
   defining Unicode char U+1ED0 (decimal 7888)
   defining Unicode char U+1ED1 (decimal 7889)
   defining Unicode char U+1ED2 (decimal 7890)
   defining Unicode char U+1ED3 (decimal 7891)
   defining Unicode char U+1ED4 (decimal 7892)
   defining Unicode char U+1ED5 (decimal 7893)
   defining Unicode char U+1ED6 (decimal 7894)
   defining Unicode char U+1ED7 (decimal 7895)
   defining Unicode char U+1ED8 (decimal 7896)
   defining Unicode char U+1ED9 (decimal 7897)
   defining Unicode char U+1EDA (decimal 7898)
   defining Unicode char U+1EDB (decimal 7899)
   defining Unicode char U+1EDC (decimal 7900)
   defining Unicode char U+1EDD (decimal 7901)
   defining Unicode char U+1EDE (decimal 7902)
   defining Unicode char U+1EDF (decimal 7903)
   defining Unicode char U+1EE0 (decimal 7904)
   defining Unicode char U+1EE1 (decimal 7905)
   defining Unicode char U+1EE2 (decimal 7906)
   defining Unicode char U+1EE3 (decimal 7907)
   defining Unicode char U+1EE4 (decimal 7908)
   defining Unicode char U+1EE5 (decimal 7909)
   defining Unicode char U+1EE6 (decimal 7910)
   defining Unicode char U+1EE7 (decimal 7911)
   defining Unicode char U+1EE8 (decimal 7912)
   defining Unicode char U+1EE9 (decimal 7913)
   defining Unicode char U+1EEA (decimal 7914)
   defining Unicode char U+1EEB (decimal 7915)
   defining Unicode char U+1EEC (decimal 7916)
   defining Unicode char U+1EED (decimal 7917)
   defining Unicode char U+1EEE (decimal 7918)
   defining Unicode char U+1EEF (decimal 7919)
   defining Unicode char U+1EF0 (decimal 7920)
   defining Unicode char U+1EF1 (decimal 7921)
   defining Unicode char U+1EF2 (decimal 7922)
   defining Unicode char U+1EF3 (decimal 7923)
   defining Unicode char U+1EF4 (decimal 7924)
   defining Unicode char U+1EF5 (decimal 7925)
   defining Unicode char U+1EF6 (decimal 7926)
   defining Unicode char U+1EF7 (decimal 7927)
   defining Unicode char U+1EF8 (decimal 7928)
   defining Unicode char U+1EF9 (decimal 7929)
   defining Unicode char U+200C (decimal 8204)
   defining Unicode char U+2013 (decimal 8211)
   defining Unicode char U+2014 (decimal 8212)
   defining Unicode char U+2018 (decimal 8216)
   defining Unicode char U+2019 (decimal 8217)
   defining Unicode char U+201A (decimal 8218)
   defining Unicode char U+201C (decimal 8220)
   defining Unicode char U+201D (decimal 8221)
   defining Unicode char U+201E (decimal 8222)
   defining Unicode char U+2030 (decimal 8240)
   defining Unicode char U+2031 (decimal 8241)
   defining Unicode char U+2039 (decimal 8249)
   defining Unicode char U+203A (decimal 8250)
   defining Unicode char U+2423 (decimal 9251)
))
Package babel Info: Making " an active character on input line 147.
)) (c:/texlive/2024/texmf-dist/tex/generic/babel/locale/vi/babel-vietnamese.tex
Package babel Info: Importing font and identification data for vietnamese
(babel)             from babel-vi.ini. Reported on input line 11.
) (c:/texlive/2024/texmf-dist/tex/latex/cite/cite.sty
LaTeX Info: Redefining \cite on input line 302.
LaTeX Info: Redefining \nocite on input line 332.
Package: cite 2015/02/27  v 5.5
) (c:/texlive/2024/texmf-dist/tex/latex/amsmath/amsmath.sty
Package: amsmath 2023/05/13 v2.17o AMS math features
\@mathmargin=\skip51

For additional information on amsmath, use the `?' option.
(c:/texlive/2024/texmf-dist/tex/latex/amsmath/amstext.sty
Package: amstext 2021/08/26 v2.01 AMS text
 (c:/texlive/2024/texmf-dist/tex/latex/amsmath/amsgen.sty
File: amsgen.sty 1999/11/30 v2.0 generic functions
\@emptytoks=\toks20
\ex@=\dimen165
)) (c:/texlive/2024/texmf-dist/tex/latex/amsmath/amsbsy.sty
Package: amsbsy 1999/11/29 v1.2d Bold Symbols
\pmbraise@=\dimen166
) (c:/texlive/2024/texmf-dist/tex/latex/amsmath/amsopn.sty
Package: amsopn 2022/04/08 v2.04 operator names
)
\inf@bad=\count271
LaTeX Info: Redefining \frac on input line 234.
\uproot@=\count272
\leftroot@=\count273
LaTeX Info: Redefining \overline on input line 399.
LaTeX Info: Redefining \colon on input line 410.
\classnum@=\count274
\DOTSCASE@=\count275
LaTeX Info: Redefining \ldots on input line 496.
LaTeX Info: Redefining \dots on input line 499.
LaTeX Info: Redefining \cdots on input line 620.
\Mathstrutbox@=\box53
\strutbox@=\box54
LaTeX Info: Redefining \big on input line 722.
LaTeX Info: Redefining \Big on input line 723.
LaTeX Info: Redefining \bigg on input line 724.
LaTeX Info: Redefining \Bigg on input line 725.
\big@size=\dimen167
LaTeX Font Info:    Redeclaring font encoding OML on input line 743.
LaTeX Font Info:    Redeclaring font encoding OMS on input line 744.
\macc@depth=\count276
LaTeX Info: Redefining \bmod on input line 905.
LaTeX Info: Redefining \pmod on input line 910.
LaTeX Info: Redefining \smash on input line 940.
LaTeX Info: Redefining \relbar on input line 970.
LaTeX Info: Redefining \Relbar on input line 971.
\c@MaxMatrixCols=\count277
\dotsspace@=\muskip16
\c@parentequation=\count278
\dspbrk@lvl=\count279
\tag@help=\toks21
\row@=\count280
\column@=\count281
\maxfields@=\count282
\andhelp@=\toks22
\eqnshift@=\dimen168
\alignsep@=\dimen169
\tagshift@=\dimen170
\tagwidth@=\dimen171
\totwidth@=\dimen172
\lineht@=\dimen173
\@envbody=\toks23
\multlinegap=\skip52
\multlinetaggap=\skip53
\mathdisplay@stack=\toks24
LaTeX Info: Redefining \[ on input line 2953.
LaTeX Info: Redefining \] on input line 2954.
) (c:/texlive/2024/texmf-dist/tex/latex/amsfonts/amssymb.sty
Package: amssymb 2013/01/14 v3.01 AMS font symbols
 (c:/texlive/2024/texmf-dist/tex/latex/amsfonts/amsfonts.sty
Package: amsfonts 2013/01/14 v3.01 Basic AMSFonts support
\symAMSa=\mathgroup4
\symAMSb=\mathgroup5
LaTeX Font Info:    Redeclaring math symbol \hbar on input line 98.
LaTeX Font Info:    Overwriting math alphabet `\mathfrak' in version `bold'
(Font)                  U/euf/m/n --> U/euf/b/n on input line 106.
)) (c:/texlive/2024/texmf-dist/tex/latex/algorithms/algorithmic.sty
Package: algorithmic 2009/08/24 v0.1 Document Style `algorithmic'
 (c:/texlive/2024/texmf-dist/tex/latex/base/ifthen.sty
Package: ifthen 2022/04/13 v1.1d Standard LaTeX ifthen package (DPC)
) (c:/texlive/2024/texmf-dist/tex/latex/graphics/keyval.sty
Package: keyval 2022/05/29 v1.15 key=value parser (DPC)
\KV@toks@=\toks25
)
\c@ALC@unique=\count283
\c@ALC@line=\count284
\c@ALC@rem=\count285
\c@ALC@depth=\count286
\ALC@tlm=\skip54
\algorithmicindent=\skip55
) (c:/texlive/2024/texmf-dist/tex/latex/graphics/graphicx.sty
Package: graphicx 2021/09/16 v1.2d Enhanced LaTeX Graphics (DPC,SPQR)
 (c:/texlive/2024/texmf-dist/tex/latex/graphics/graphics.sty
Package: graphics 2022/03/10 v1.4e Standard LaTeX Graphics (DPC,SPQR)
 (c:/texlive/2024/texmf-dist/tex/latex/graphics/trig.sty
Package: trig 2021/08/11 v1.11 sin cos tan (DPC)
) (c:/texlive/2024/texmf-dist/tex/latex/graphics-cfg/graphics.cfg
File: graphics.cfg 2016/06/04 v1.11 sample graphics configuration
)
Package graphics Info: Driver file: pdftex.def on input line 107.
 (c:/texlive/2024/texmf-dist/tex/latex/graphics-def/pdftex.def
File: pdftex.def 2022/09/22 v1.2b Graphics/color driver for pdftex
))
\Gin@req@height=\dimen174
\Gin@req@width=\dimen175
) (c:/texlive/2024/texmf-dist/tex/latex/base/textcomp.sty
Package: textcomp 2020/02/02 v2.0n Standard LaTeX package
) (c:/texlive/2024/texmf-dist/tex/latex/xcolor/xcolor.sty
Package: xcolor 2023/11/15 v3.01 LaTeX color extensions (UK)
 (c:/texlive/2024/texmf-dist/tex/latex/graphics-cfg/color.cfg
File: color.cfg 2016/01/02 v1.6 sample color configuration
)
Package xcolor Info: Driver file: pdftex.def on input line 274.
 (c:/texlive/2024/texmf-dist/tex/latex/graphics/mathcolor.ltx)
Package xcolor Info: Model `cmy' substituted by `cmy0' on input line 1350.
Package xcolor Info: Model `hsb' substituted by `rgb' on input line 1354.
Package xcolor Info: Model `RGB' extended on input line 1366.
Package xcolor Info: Model `HTML' substituted by `rgb' on input line 1368.
Package xcolor Info: Model `Hsb' substituted by `hsb' on input line 1369.
Package xcolor Info: Model `tHsb' substituted by `hsb' on input line 1370.
Package xcolor Info: Model `HSB' substituted by `hsb' on input line 1371.
Package xcolor Info: Model `Gray' substituted by `gray' on input line 1372.
Package xcolor Info: Model `wave' substituted by `hsb' on input line 1373.
) (c:/texlive/2024/texmf-dist/tex/latex/colortbl/colortbl.sty
Package: colortbl 2024/02/20 v1.0g Color table columns (DPC)
 (c:/texlive/2024/texmf-dist/tex/latex/tools/array.sty
Package: array 2023/10/16 v2.5g Tabular extension package (FMi)
\col@sep=\dimen176
\ar@mcellbox=\box55
\extrarowheight=\dimen177
\NC@list=\toks26
\extratabsurround=\skip56
\backup@length=\skip57
\ar@cellbox=\box56
)
\everycr=\toks27
\minrowclearance=\skip58
\rownum=\count287
) (c:/texlive/2024/texmf-dist/tex/latex/caption/caption.sty
Package: caption 2023/08/05 v3.6o Customizing captions (AR)
 (c:/texlive/2024/texmf-dist/tex/latex/caption/caption3.sty
Package: caption3 2023/07/31 v2.4d caption3 kernel (AR)
\caption@tempdima=\dimen178
\captionmargin=\dimen179
\caption@leftmargin=\dimen180
\caption@rightmargin=\dimen181
\caption@width=\dimen182
\caption@indent=\dimen183
\caption@parindent=\dimen184
\caption@hangindent=\dimen185
Package caption Info: Unknown document class (or package),
(caption)             standard defaults will be used.
Package caption Info: \@makecaption = \long macro:#1#2->\ifx \@captype \@IEEEtablestring \footnotesize \bgroup \par \centering \@IEEEtabletopskipstrut {\normalfont \footnotesize #1}\\{\normalfont \footnotesize \scshape #2}\par \addvspace {0.5\baselineskip }\egroup \@IEEEtablecaptionsepspace \else \@IEEEfigurecaptionsepspace \setbox \@tempboxa \hbox {\normalfont \footnotesize {#1.}\nobreakspace \nobreakspace #2}\ifdim \wd \@tempboxa >\hsize \setbox \@tempboxa \hbox {\normalfont \footnotesize {#1.}\nobreakspace \nobreakspace }\parbox [t]{\hsize }{\normalfont \footnotesize \noindent \unhbox \@tempboxa #2}\else \ifCLASSOPTIONconference \hbox to\hsize {\normalfont \footnotesize \hfil \box \@tempboxa \hfil }\else \hbox to\hsize {\normalfont \footnotesize \box \@tempboxa \hfil }\fi \fi \fi  on input line 1175.
)

Package caption Warning: Unknown document class (or package),
(caption)                standard defaults will be used.
See the caption package documentation for explanation.

\c@caption@flags=\count288
\c@continuedfloat=\count289
) (c:/texlive/2024/texmf-dist/tex/latex/caption/subcaption.sty
Package: subcaption 2023/07/28 v1.6b Sub-captions (AR)
Package caption Info: New subtype `subfigure' on input line 238.
\c@subfigure=\count290
Package caption Info: New subtype `subtable' on input line 238.
\c@subtable=\count291
) (c:/texlive/2024/texmf-dist/tex/latex/float/float.sty
Package: float 2001/11/08 v1.3d Float enhancements (AL)
\c@float@type=\count292
\float@exts=\toks28
\float@box=\box57
\@float@everytoks=\toks29
\@floatcapt=\box58
) (c:/texlive/2024/texmf-dist/tex/latex/placeins/placeins.sty
Package: placeins 2005/04/18  v 2.2
) (c:/texlive/2024/texmf-dist/tex/latex/titlesec/titlesec.sty
Package: titlesec 2023/10/27 v2.16 Sectioning titles
\ttl@box=\box59
\beforetitleunit=\skip59
\aftertitleunit=\skip60
\ttl@plus=\dimen186
\ttl@minus=\dimen187
\ttl@toksa=\toks30
\titlewidth=\dimen188
\titlewidthlast=\dimen189
\titlewidthfirst=\dimen190


Package titlesec Warning: Non standard sectioning command \subparagraph
(titlesec)                detected. Using default spacing and no format.

) (c:/texlive/2024/texmf-dist/tex/latex/fancyhdr/fancyhdr.sty
Package: fancyhdr 2022/11/09 v4.1 Extensive control of page headers and footers
\f@nch@headwidth=\skip61
\f@nch@O@elh=\skip62
\f@nch@O@erh=\skip63
\f@nch@O@olh=\skip64
\f@nch@O@orh=\skip65
\f@nch@O@elf=\skip66
\f@nch@O@erf=\skip67
\f@nch@O@olf=\skip68
\f@nch@O@orf=\skip69
)
** ATTENTION: Overriding command lockouts (line 25).
(c:/texlive/2024/texmf-dist/tex/latex/l3backend/l3backend-pdftex.def
File: l3backend-pdftex.def 2024-02-20 L3 backend support: PDF output (pdfTeX)
\l__color_backend_stack_int=\count293
\l__pdf_internal_box=\box60
) (./Report.aux
LaTeX Font Info:    Trying to load font information for T5+ptm on input line 5.
 (c:/texlive/2024/texmf-dist/tex/latex/vntex/t5ptm.fd
File: t5utm.fd 2005/08/24 Fontinst v1.929 font definitions for T5/ptm.
)

LaTeX Warning: Label `fig:1' multiply defined.


LaTeX Warning: Label `fig:2' multiply defined.


LaTeX Warning: Label `fig:1' multiply defined.


LaTeX Warning: Label `fig:2' multiply defined.


LaTeX Warning: Label `fig:1' multiply defined.


LaTeX Warning: Label `fig:2' multiply defined.


LaTeX Warning: Label `fig:1' multiply defined.


LaTeX Warning: Label `fig:2' multiply defined.


LaTeX Warning: Label `fig:3' multiply defined.


LaTeX Warning: Label `fig:1' multiply defined.


LaTeX Warning: Label `fig:2' multiply defined.


LaTeX Warning: Label `fig:3' multiply defined.


LaTeX Warning: Label `fig:1' multiply defined.


LaTeX Warning: Label `fig:2' multiply defined.


LaTeX Warning: Label `fig:3' multiply defined.


LaTeX Warning: Label `fig:1' multiply defined.


LaTeX Warning: Label `fig:2' multiply defined.


LaTeX Warning: Label `fig:3' multiply defined.


LaTeX Warning: Label `fig:1' multiply defined.


LaTeX Warning: Label `fig:2' multiply defined.


LaTeX Warning: Label `fig:3' multiply defined.


LaTeX Warning: Label `fig:1' multiply defined.


LaTeX Warning: Label `fig:2' multiply defined.


LaTeX Warning: Label `fig:3' multiply defined.


LaTeX Warning: Label `fig:1' multiply defined.


LaTeX Warning: Label `fig:2' multiply defined.


LaTeX Warning: Label `fig:3' multiply defined.


LaTeX Warning: Label `fig:1' multiply defined.


LaTeX Warning: Label `fig:2' multiply defined.


LaTeX Warning: Label `fig:3' multiply defined.


LaTeX Warning: Label `fig:1' multiply defined.


LaTeX Warning: Label `fig:2' multiply defined.


LaTeX Warning: Label `fig:3' multiply defined.


LaTeX Warning: Label `fig:1' multiply defined.


LaTeX Warning: Label `fig:2' multiply defined.


LaTeX Warning: Label `fig:3' multiply defined.


LaTeX Warning: Label `fig:1' multiply defined.


LaTeX Warning: Label `fig:2' multiply defined.


LaTeX Warning: Label `fig:3' multiply defined.


LaTeX Warning: Label `fig:1' multiply defined.


LaTeX Warning: Label `fig:2' multiply defined.


LaTeX Warning: Label `fig:3' multiply defined.


LaTeX Warning: Label `fig:1' multiply defined.


LaTeX Warning: Label `fig:2' multiply defined.


LaTeX Warning: Label `fig:3' multiply defined.


LaTeX Warning: Label `fig:1' multiply defined.


LaTeX Warning: Label `fig:2' multiply defined.


LaTeX Warning: Label `fig:3' multiply defined.


LaTeX Warning: Label `fig:1' multiply defined.


LaTeX Warning: Label `fig:2' multiply defined.


LaTeX Warning: Label `fig:3' multiply defined.


LaTeX Warning: Label `fig:1' multiply defined.


LaTeX Warning: Label `fig:2' multiply defined.


LaTeX Warning: Label `fig:3' multiply defined.


LaTeX Warning: Label `fig:1' multiply defined.


LaTeX Warning: Label `fig:2' multiply defined.


LaTeX Warning: Label `fig:3' multiply defined.


LaTeX Warning: Label `fig:1' multiply defined.


LaTeX Warning: Label `fig:2' multiply defined.


LaTeX Warning: Label `fig:3' multiply defined.


LaTeX Warning: Label `fig:1' multiply defined.


LaTeX Warning: Label `fig:2' multiply defined.


LaTeX Warning: Label `fig:3' multiply defined.


LaTeX Warning: Label `fig:1' multiply defined.


LaTeX Warning: Label `fig:2' multiply defined.


LaTeX Warning: Label `fig:3' multiply defined.

)
\openout1 = `Report.aux'.

LaTeX Font Info:    Checking defaults for OML/cmm/m/it on input line 30.
LaTeX Font Info:    ... okay on input line 30.
LaTeX Font Info:    Checking defaults for OMS/cmsy/m/n on input line 30.
LaTeX Font Info:    ... okay on input line 30.
LaTeX Font Info:    Checking defaults for OT1/cmr/m/n on input line 30.
LaTeX Font Info:    ... okay on input line 30.
LaTeX Font Info:    Checking defaults for T1/cmr/m/n on input line 30.
LaTeX Font Info:    ... okay on input line 30.
LaTeX Font Info:    Checking defaults for TS1/cmr/m/n on input line 30.
LaTeX Font Info:    ... okay on input line 30.
LaTeX Font Info:    Checking defaults for OMX/cmex/m/n on input line 30.
LaTeX Font Info:    ... okay on input line 30.
LaTeX Font Info:    Checking defaults for U/cmr/m/n on input line 30.
LaTeX Font Info:    ... okay on input line 30.
LaTeX Font Info:    Checking defaults for T5/cmr/m/n on input line 30.
LaTeX Font Info:    Trying to load font information for T5+cmr on input line 30.
 (c:/texlive/2024/texmf-dist/tex/latex/vntex/t5cmr.fd
File: t5cmr.fd 1999/05/25 v2.5h Standard LaTeX font definitions
)
LaTeX Font Info:    ... okay on input line 30.

-- Lines per column: 56 (exact).
(c:/texlive/2024/texmf-dist/tex/context/base/mkii/supp-pdf.mkii
[Loading MPS to PDF converter (version 2006.09.02).]
\scratchcounter=\count294
\scratchdimen=\dimen191
\scratchbox=\box61
\nofMPsegments=\count295
\nofMParguments=\count296
\everyMPshowfont=\toks31
\MPscratchCnt=\count297
\MPscratchDim=\dimen192
\MPnumerator=\count298
\makeMPintoPDFobject=\count299
\everyMPtoPDFconversion=\toks32
) (c:/texlive/2024/texmf-dist/tex/latex/epstopdf-pkg/epstopdf-base.sty
Package: epstopdf-base 2020-01-24 v2.11 Base part for package epstopdf
Package epstopdf-base Info: Redefining graphics rule for `.eps' on input line 485.
 (c:/texlive/2024/texmf-dist/tex/latex/latexconfig/epstopdf-sys.cfg
File: epstopdf-sys.cfg 2010/07/13 v1.3 Configuration of (r)epstopdf for TeX Live
))
Package caption Info: Begin \AtBeginDocument code.
Package caption Info: float package is loaded.
Package caption Info: End \AtBeginDocument code.
 [1{c:/texlive/2024/texmf-var/fonts/map/pdftex/updmap/pdftex.map}{c:/texlive/2024/texmf-dist/fonts/enc/dvips/vntex/t5.enc}


]
LaTeX Font Info:    Trying to load font information for T5+pcr on input line 114.
 (c:/texlive/2024/texmf-dist/tex/latex/vntex/t5pcr.fd
File: t5ucr.fd 2005/08/24 Fontinst v1.929 font definitions for T5/pcr.
)
LaTeX Font Info:    Trying to load font information for U+msa on input line 114.
 (c:/texlive/2024/texmf-dist/tex/latex/amsfonts/umsa.fd
File: umsa.fd 2013/01/14 v3.01 AMS symbols A
)
LaTeX Font Info:    Trying to load font information for U+msb on input line 114.
 (c:/texlive/2024/texmf-dist/tex/latex/amsfonts/umsb.fd
File: umsb.fd 2013/01/14 v3.01 AMS symbols B
)
<Image/DatasetImg/SONY_Boxplot.png, id=8, 359.54324pt x 296.90926pt>
File: Image/DatasetImg/SONY_Boxplot.png Graphic file (type png)
<use Image/DatasetImg/SONY_Boxplot.png>
Package pdftex.def Info: Image/DatasetImg/SONY_Boxplot.png  used on input line 172.
(pdftex.def)             Requested size: 118.6778pt x 98.003pt.
<Image/DatasetImg/SONY_Line_chart.png, id=10, 360.1455pt x 277.63725pt>
File: Image/DatasetImg/SONY_Line_chart.png Graphic file (type png)
<use Image/DatasetImg/SONY_Line_chart.png>
Package pdftex.def Info: Image/DatasetImg/SONY_Line_chart.png  used on input line 179.
(pdftex.def)             Requested size: 118.6778pt x 91.48924pt.
<Image/logo186x150.png, id=11, 186.6975pt x 150.5625pt>
File: Image/logo186x150.png Graphic file (type png)
<use Image/logo186x150.png>
Package pdftex.def Info: Image/logo186x150.png  used on input line 184.
(pdftex.def)             Requested size: 18.59961pt x 15.0pt.


Package fancyhdr Warning: \headheight is too small (12.0pt): 
(fancyhdr)                Make it at least 18.60004pt, for example:
(fancyhdr)                \setlength{\headheight}{18.60004pt}.
(fancyhdr)                You might also make \topmargin smaller to compensate:
(fancyhdr)                \addtolength{\topmargin}{-6.60004pt}.

[2 <./Image/logo186x150.png>]
<Image/DatasetImg/SAMSUNG_Boxplot.png, id=20, 365.56575pt x 298.11375pt>
File: Image/DatasetImg/SAMSUNG_Boxplot.png Graphic file (type png)
<use Image/DatasetImg/SAMSUNG_Boxplot.png>
Package pdftex.def Info: Image/DatasetImg/SAMSUNG_Boxplot.png  used on input line 189.
(pdftex.def)             Requested size: 118.6778pt x 96.77664pt.

Underfull \hbox (badness 3199) in paragraph at lines 190--190
[]\T5/ptm/m/n/10 H¼nh 3: |SAMSUNG stock
 []

<Image/DatasetImg/SAMSUNG_line_chart.png, id=21, 363.15675pt x 277.63725pt>
File: Image/DatasetImg/SAMSUNG_line_chart.png Graphic file (type png)
<use Image/DatasetImg/SAMSUNG_line_chart.png>
Package pdftex.def Info: Image/DatasetImg/SAMSUNG_line_chart.png  used on input line 196.
(pdftex.def)             Requested size: 118.6778pt x 90.73093pt.

Underfull \hbox (badness 3199) in paragraph at lines 197--197
[]\T5/ptm/m/n/10 H¼nh 4: |SAMSUNG stock
 []

<Image/DatasetImg/LG_Boxplot.png, id=22, 363.15675pt x 298.716pt>
File: Image/DatasetImg/LG_Boxplot.png Graphic file (type png)
<use Image/DatasetImg/LG_Boxplot.png>
Package pdftex.def Info: Image/DatasetImg/LG_Boxplot.png  used on input line 206.
(pdftex.def)             Requested size: 118.6778pt x 97.61938pt.

Underfull \hbox (badness 3792) in paragraph at lines 207--207
[]\T5/ptm/m/n/10 H¼nh 5: |LG stock price's
 []

<Image/DatasetImg/LG_line_chart.png, id=23, 359.54324pt x 278.84175pt>
File: Image/DatasetImg/LG_line_chart.png Graphic file (type png)
<use Image/DatasetImg/LG_line_chart.png>
Package pdftex.def Info: Image/DatasetImg/LG_line_chart.png  used on input line 213.
(pdftex.def)             Requested size: 118.6778pt x 92.03932pt.

Underfull \hbox (badness 3792) in paragraph at lines 214--214
[]\T5/ptm/m/n/10 H¼nh 6: |LG stock price's
 []


Underfull \hbox (badness 10000) in paragraph at lines 245--248

 []

File: Image/logo186x150.png Graphic file (type png)
<use Image/logo186x150.png>
Package pdftex.def Info: Image/logo186x150.png  used on input line 268.
(pdftex.def)             Requested size: 18.59961pt x 15.0pt.

Package fancyhdr Warning: \headheight is too small (12.0pt): 
(fancyhdr)                Make it at least 18.60004pt, for example:
(fancyhdr)                \setlength{\headheight}{18.60004pt}.
(fancyhdr)                You might also make \topmargin smaller to compensate:
(fancyhdr)                \addtolength{\topmargin}{-6.60004pt}.

[3 <./Image/DatasetImg/SONY_Boxplot.png> <./Image/DatasetImg/SONY_Line_chart.png> <./Image/DatasetImg/SAMSUNG_Boxplot.png> <./Image/DatasetImg/SAMSUNG_line_chart.png> <./Image/DatasetImg/LG_Boxplot.png> <./Image/DatasetImg/LG_line_chart.png>]
<image.png, id=38, 1505.625pt x 401.5pt>
File: image.png Graphic file (type png)
<use image.png>
Package pdftex.def Info: image.png  used on input line 324.
(pdftex.def)             Requested size: 126.0pt x 33.5971pt.

Underfull \hbox (badness 10000) in paragraph at lines 371--372

 []

File: Image/logo186x150.png Graphic file (type png)
<use Image/logo186x150.png>
Package pdftex.def Info: Image/logo186x150.png  used on input line 372.
(pdftex.def)             Requested size: 18.59961pt x 15.0pt.

Package fancyhdr Warning: \headheight is too small (12.0pt): 
(fancyhdr)                Make it at least 18.60004pt, for example:
(fancyhdr)                \setlength{\headheight}{18.60004pt}.
(fancyhdr)                You might also make \topmargin smaller to compensate:
(fancyhdr)                \addtolength{\topmargin}{-6.60004pt}.

[4 <./image.png>]
LaTeX Font Info:    Trying to load font information for TS1+ptm on input line 373.
 (c:/texlive/2024/texmf-dist/tex/latex/psnfss/ts1ptm.fd
File: ts1ptm.fd 2001/06/04 font definitions for TS1/ptm.
)
Underfull \hbox (badness 1968) in paragraph at lines 386--389
[]\T5/ptm/m/n/10 ARIMA model l  vi¸t t­t cõa cöm tø Autoregressive
 []


Underfull \hbox (badness 10000) in paragraph at lines 386--389

 []


Underfull \hbox (badness 10000) in paragraph at lines 411--414

 []


Underfull \hbox (badness 10000) in paragraph at lines 415--417

 []


Underfull \hbox (badness 10000) in paragraph at lines 418--420

 []


Underfull \hbox (badness 10000) in paragraph at lines 421--423

 []


Underfull \hbox (badness 10000) in paragraph at lines 424--426

 []


Underfull \hbox (badness 10000) in paragraph at lines 427--429

 []


Underfull \hbox (badness 10000) in paragraph at lines 430--431

 []


Underfull \hbox (badness 10000) in paragraph at lines 432--436

 []


Underfull \hbox (badness 10000) in paragraph at lines 437--441

 []

File: Image/logo186x150.png Graphic file (type png)
<use Image/logo186x150.png>
Package pdftex.def Info: Image/logo186x150.png  used on input line 442.
(pdftex.def)             Requested size: 18.59961pt x 15.0pt.

Package fancyhdr Warning: \headheight is too small (12.0pt): 
(fancyhdr)                Make it at least 18.60004pt, for example:
(fancyhdr)                \setlength{\headheight}{18.60004pt}.
(fancyhdr)                You might also make \topmargin smaller to compensate:
(fancyhdr)                \addtolength{\topmargin}{-6.60004pt}.

[5{c:/texlive/2024/texmf-dist/fonts/enc/dvips/base/8r.enc}]
<Image/Linear/Linear_LG_6_4.png, id=49, 741.36975pt x 292.09125pt>
File: Image/Linear/Linear_LG_6_4.png Graphic file (type png)
<use Image/Linear/Linear_LG_6_4.png>
Package pdftex.def Info: Image/Linear/Linear_LG_6_4.png  used on input line 500.
(pdftex.def)             Requested size: 77.39685pt x 30.48997pt.
<Image/Linear/Linear_LG_7_3.png, id=50, 747.9945pt x 293.29575pt>
File: Image/Linear/Linear_LG_7_3.png Graphic file (type png)
<use Image/Linear/Linear_LG_7_3.png>
Package pdftex.def Info: Image/Linear/Linear_LG_7_3.png  used on input line 506.
(pdftex.def)             Requested size: 77.39685pt x 30.34718pt.
<Image/Linear/Linear_LG_8_2.png, id=51, 745.5855pt x 295.1025pt>
File: Image/Linear/Linear_LG_8_2.png Graphic file (type png)
<use Image/Linear/Linear_LG_8_2.png>
Package pdftex.def Info: Image/Linear/Linear_LG_8_2.png  used on input line 512.
(pdftex.def)             Requested size: 77.39685pt x 30.6332pt.
<Image/Linear/Linear_SONY_6_4.png, id=52, 757.6305pt x 295.1025pt>
File: Image/Linear/Linear_SONY_6_4.png Graphic file (type png)
<use Image/Linear/Linear_SONY_6_4.png>
Package pdftex.def Info: Image/Linear/Linear_SONY_6_4.png  used on input line 523.
(pdftex.def)             Requested size: 77.39685pt x 30.14238pt.
<Image/Linear/Linear_SONY_7_3.png, id=53, 747.39224pt x 302.3295pt>
File: Image/Linear/Linear_SONY_7_3.png Graphic file (type png)
<use Image/Linear/Linear_SONY_7_3.png>
Package pdftex.def Info: Image/Linear/Linear_SONY_7_3.png  used on input line 529.
(pdftex.def)             Requested size: 77.39685pt x 31.30496pt.
<Image/Linear/Linear_SONY_8_2.png, id=54, 736.55174pt x 301.125pt>
File: Image/Linear/Linear_SONY_8_2.png Graphic file (type png)
<use Image/Linear/Linear_SONY_8_2.png>
Package pdftex.def Info: Image/Linear/Linear_SONY_8_2.png  used on input line 535.
(pdftex.def)             Requested size: 77.39685pt x 31.63972pt.
<Image/Linear/Linear_SAMSUNG_6_4.png, id=55, 751.00575pt x 293.29575pt>
File: Image/Linear/Linear_SAMSUNG_6_4.png Graphic file (type png)
<use Image/Linear/Linear_SAMSUNG_6_4.png>
Package pdftex.def Info: Image/Linear/Linear_SAMSUNG_6_4.png  used on input line 546.
(pdftex.def)             Requested size: 77.39685pt x 30.22635pt.
<Image/Linear/Linear_SAMSUNG_7_3.png, id=56, 736.55174pt x 293.29575pt>
File: Image/Linear/Linear_SAMSUNG_7_3.png Graphic file (type png)
<use Image/Linear/Linear_SAMSUNG_7_3.png>
Package pdftex.def Info: Image/Linear/Linear_SAMSUNG_7_3.png  used on input line 552.
(pdftex.def)             Requested size: 77.39685pt x 30.8171pt.
<Image/Linear/Linear_SAMSUNG_8_2.png, id=57, 743.77875pt x 298.11375pt>
File: Image/Linear/Linear_SAMSUNG_8_2.png Graphic file (type png)
<use Image/Linear/Linear_SAMSUNG_8_2.png>
Package pdftex.def Info: Image/Linear/Linear_SAMSUNG_8_2.png  used on input line 558.
(pdftex.def)             Requested size: 77.39685pt x 31.01855pt.
<Image/ARIMA/LG_6_4_Arima.png, id=58, 417.7206pt x 298.4751pt>
File: Image/ARIMA/LG_6_4_Arima.png Graphic file (type png)
<use Image/ARIMA/LG_6_4_Arima.png>
Package pdftex.def Info: Image/ARIMA/LG_6_4_Arima.png  used on input line 570.
(pdftex.def)             Requested size: 77.39685pt x 55.299pt.
<Image/ARIMA/LG_7_3_Arima.png, id=59, 417.7206pt x 298.4751pt>
File: Image/ARIMA/LG_7_3_Arima.png Graphic file (type png)
<use Image/ARIMA/LG_7_3_Arima.png>
Package pdftex.def Info: Image/ARIMA/LG_7_3_Arima.png  used on input line 576.
(pdftex.def)             Requested size: 77.39685pt x 55.299pt.
<Image/ARIMA/LG_8_2_Arima.png, id=60, 417.7206pt x 298.4751pt>
File: Image/ARIMA/LG_8_2_Arima.png Graphic file (type png)
<use Image/ARIMA/LG_8_2_Arima.png>
Package pdftex.def Info: Image/ARIMA/LG_8_2_Arima.png  used on input line 582.
(pdftex.def)             Requested size: 77.39685pt x 55.299pt.
<Image/ARIMA/SAMSUNG_6_4_Arima.png, id=61, 419.8887pt x 298.4751pt>
File: Image/ARIMA/SAMSUNG_6_4_Arima.png Graphic file (type png)
<use Image/ARIMA/SAMSUNG_6_4_Arima.png>
Package pdftex.def Info: Image/ARIMA/SAMSUNG_6_4_Arima.png  used on input line 593.
(pdftex.def)             Requested size: 77.39685pt x 55.01663pt.
<Image/ARIMA/SAMSUNG_7_3_Arima.png, id=62, 417.7206pt x 298.4751pt>
File: Image/ARIMA/SAMSUNG_7_3_Arima.png Graphic file (type png)
<use Image/ARIMA/SAMSUNG_7_3_Arima.png>
Package pdftex.def Info: Image/ARIMA/SAMSUNG_7_3_Arima.png  used on input line 599.
(pdftex.def)             Requested size: 77.39685pt x 55.299pt.
<Image/ARIMA/SAMSUNG_8_2_Arima.png, id=63, 411.2163pt x 298.4751pt>
File: Image/ARIMA/SAMSUNG_8_2_Arima.png Graphic file (type png)
<use Image/ARIMA/SAMSUNG_8_2_Arima.png>
Package pdftex.def Info: Image/ARIMA/SAMSUNG_8_2_Arima.png  used on input line 605.
(pdftex.def)             Requested size: 77.39685pt x 56.17343pt.
File: Image/logo186x150.png Graphic file (type png)
<use Image/logo186x150.png>
Package pdftex.def Info: Image/logo186x150.png  used on input line 611.
(pdftex.def)             Requested size: 18.59961pt x 15.0pt.


Package fancyhdr Warning: \headheight is too small (12.0pt): 
(fancyhdr)                Make it at least 18.60004pt, for example:
(fancyhdr)                \setlength{\headheight}{18.60004pt}.
(fancyhdr)                You might also make \topmargin smaller to compensate:
(fancyhdr)                \addtolength{\topmargin}{-6.60004pt}.

[6 <./Image/Linear/Linear_LG_6_4.png> <./Image/Linear/Linear_LG_7_3.png> <./Image/Linear/Linear_LG_8_2.png> <./Image/Linear/Linear_SONY_6_4.png> <./Image/Linear/Linear_SONY_7_3.png> <./Image/Linear/Linear_SONY_8_2.png> <./Image/Linear/Linear_SAMSUNG_6_4.png> <./Image/Linear/Linear_SAMSUNG_7_3.png> <./Image/Linear/Linear_SAMSUNG_8_2.png> <./Image/ARIMA/LG_6_4_Arima.png> <./Image/ARIMA/LG_7_3_Arima.png> <./Image/ARIMA/LG_8_2_Arima.png>]
<Image/ARIMA/SONY_6_4_Arima.png, id=79, 406.8801pt x 298.4751pt>
File: Image/ARIMA/SONY_6_4_Arima.png Graphic file (type png)
<use Image/ARIMA/SONY_6_4_Arima.png>
Package pdftex.def Info: Image/ARIMA/SONY_6_4_Arima.png  used on input line 616.
(pdftex.def)             Requested size: 77.39685pt x 56.77461pt.
<Image/ARIMA/SONY_7_3_Arima.png, id=80, 398.9304pt x 298.4751pt>
File: Image/ARIMA/SONY_7_3_Arima.png Graphic file (type png)
<use Image/ARIMA/SONY_7_3_Arima.png>
Package pdftex.def Info: Image/ARIMA/SONY_7_3_Arima.png  used on input line 622.
(pdftex.def)             Requested size: 77.39685pt x 57.9041pt.
<Image/ARIMA/SONY_8_2_Arima.png, id=81, 398.9304pt x 299.1978pt>
File: Image/ARIMA/SONY_8_2_Arima.png Graphic file (type png)
<use Image/ARIMA/SONY_8_2_Arima.png>
Package pdftex.def Info: Image/ARIMA/SONY_8_2_Arima.png  used on input line 628.
(pdftex.def)             Requested size: 77.39685pt x 58.0443pt.
<Image/VARMA/LG/6_4.png, id=82, 794.97pt x 385.44pt>
File: Image/VARMA/LG/6_4.png Graphic file (type png)
<use Image/VARMA/LG/6_4.png>
Package pdftex.def Info: Image/VARMA/LG/6_4.png  used on input line 641.
(pdftex.def)             Requested size: 77.39685pt x 37.5229pt.
<Image/VARMA/LG/7_3.png, id=83, 796.1745pt x 386.6445pt>
File: Image/VARMA/LG/7_3.png Graphic file (type png)
<use Image/VARMA/LG/7_3.png>
Package pdftex.def Info: Image/VARMA/LG/7_3.png  used on input line 647.
(pdftex.def)             Requested size: 77.39685pt x 37.58116pt.
<Image/VARMA/LG/8_2.png, id=84, 794.97pt x 389.65575pt>
File: Image/VARMA/LG/8_2.png Graphic file (type png)
<use Image/VARMA/LG/8_2.png>
Package pdftex.def Info: Image/VARMA/LG/8_2.png  used on input line 653.
(pdftex.def)             Requested size: 77.39685pt x 37.9333pt.
<Image/VARMA/SONY/6_4.png, id=85, 793.7655pt x 395.076pt>
File: Image/VARMA/SONY/6_4.png Graphic file (type png)
<use Image/VARMA/SONY/6_4.png>
Package pdftex.def Info: Image/VARMA/SONY/6_4.png  used on input line 664.
(pdftex.def)             Requested size: 77.39685pt x 38.52126pt.
<Image/VARMA/SONY/7_3.png, id=86, 794.97pt x 395.67825pt>
File: Image/VARMA/SONY/7_3.png Graphic file (type png)
<use Image/VARMA/SONY/7_3.png>
Package pdftex.def Info: Image/VARMA/SONY/7_3.png  used on input line 670.
(pdftex.def)             Requested size: 77.39685pt x 38.5196pt.
<Image/VARMA/SONY/8_2.png, id=87, 793.16325pt x 395.076pt>
File: Image/VARMA/SONY/8_2.png Graphic file (type png)
<use Image/VARMA/SONY/8_2.png>
Package pdftex.def Info: Image/VARMA/SONY/8_2.png  used on input line 676.
(pdftex.def)             Requested size: 77.39685pt x 38.55139pt.
<Image/VARMA/SAMSUNG/6_4.png, id=88, 793.16325pt x 392.06474pt>
File: Image/VARMA/SAMSUNG/6_4.png Graphic file (type png)
<use Image/VARMA/SAMSUNG/6_4.png>
Package pdftex.def Info: Image/VARMA/SAMSUNG/6_4.png  used on input line 687.
(pdftex.def)             Requested size: 77.39685pt x 38.25755pt.
<Image/VARMA/SAMSUNG/7_3.png, id=89, 793.16325pt x 389.0535pt>
File: Image/VARMA/SAMSUNG/7_3.png Graphic file (type png)
<use Image/VARMA/SAMSUNG/7_3.png>
Package pdftex.def Info: Image/VARMA/SAMSUNG/7_3.png  used on input line 693.
(pdftex.def)             Requested size: 77.39685pt x 37.96371pt.
<Image/VARMA/SAMSUNG/8_2.png, id=90, 793.16325pt x 387.24675pt>
File: Image/VARMA/SAMSUNG/8_2.png Graphic file (type png)
<use Image/VARMA/SAMSUNG/8_2.png>
Package pdftex.def Info: Image/VARMA/SAMSUNG/8_2.png  used on input line 699.
(pdftex.def)             Requested size: 77.39685pt x 37.78741pt.
<Image/GradientBoosting/LG_6_4_GradientBoostingRegressor.png, id=91, 397.485pt x 266.9975pt>
File: Image/GradientBoosting/LG_6_4_GradientBoostingRegressor.png Graphic file (type png)
<use Image/GradientBoosting/LG_6_4_GradientBoostingRegressor.png>
Package pdftex.def Info: Image/GradientBoosting/LG_6_4_GradientBoostingRegressor.png  used on input line 712.
(pdftex.def)             Requested size: 77.39685pt x 51.98892pt.
<Image/GradientBoosting/LG_7_3_GradientBoostingRegressor.png, id=92, 410.03188pt x 260.975pt>
File: Image/GradientBoosting/LG_7_3_GradientBoostingRegressor.png Graphic file (type png)
<use Image/GradientBoosting/LG_7_3_GradientBoostingRegressor.png>
Package pdftex.def Info: Image/GradientBoosting/LG_7_3_GradientBoostingRegressor.png  used on input line 718.
(pdftex.def)             Requested size: 77.39685pt x 49.25922pt.
<Image/GradientBoosting/LG_8_2_GradientBoostingRegressor.png, id=93, 405.01312pt x 271.51437pt>
File: Image/GradientBoosting/LG_8_2_GradientBoostingRegressor.png Graphic file (type png)
<use Image/GradientBoosting/LG_8_2_GradientBoostingRegressor.png>
Package pdftex.def Info: Image/GradientBoosting/LG_8_2_GradientBoostingRegressor.png  used on input line 724.
(pdftex.def)             Requested size: 77.39685pt x 51.8824pt.
<Image/GradientBoosting/SONY_6_4_GradientBoostingRegressor.png, id=94, 398.9304pt x 298.4751pt>
File: Image/GradientBoosting/SONY_6_4_GradientBoostingRegressor.png Graphic file (type png)
<use Image/GradientBoosting/SONY_6_4_GradientBoostingRegressor.png>
Package pdftex.def Info: Image/GradientBoosting/SONY_6_4_GradientBoostingRegressor.png  used on input line 735.
(pdftex.def)             Requested size: 77.39685pt x 57.9041pt.
<Image/GradientBoosting/SONY_7_3_GradientBoostingRegressor.png, id=95, 398.9304pt x 298.4751pt>
File: Image/GradientBoosting/SONY_7_3_GradientBoostingRegressor.png Graphic file (type png)
<use Image/GradientBoosting/SONY_7_3_GradientBoostingRegressor.png>
Package pdftex.def Info: Image/GradientBoosting/SONY_7_3_GradientBoostingRegressor.png  used on input line 741.
(pdftex.def)             Requested size: 77.39685pt x 57.9041pt.
<Image/GradientBoosting/SONY_8_2_GradientBoostingRegressor.png, id=96, 378.41376pt x 262.48062pt>
File: Image/GradientBoosting/SONY_8_2_GradientBoostingRegressor.png Graphic file (type png)
<use Image/GradientBoosting/SONY_8_2_GradientBoostingRegressor.png>
Package pdftex.def Info: Image/GradientBoosting/SONY_8_2_GradientBoostingRegressor.png  used on input line 747.
(pdftex.def)             Requested size: 77.39685pt x 53.68471pt.
<Image/GradientBoosting/SAMSUNG_6_4_GradientBoostingRegressor.png, id=97, 396.48125pt x 259.46938pt>
File: Image/GradientBoosting/SAMSUNG_6_4_GradientBoostingRegressor.png Graphic file (type png)
<use Image/GradientBoosting/SAMSUNG_6_4_GradientBoostingRegressor.png>
Package pdftex.def Info: Image/GradientBoosting/SAMSUNG_6_4_GradientBoostingRegressor.png  used on input line 758.
(pdftex.def)             Requested size: 77.39685pt x 50.64977pt.
<Image/GradientBoosting/SAMSUNG_7_3_GradientBoostingRegressor.png, id=98, 405.01312pt x 263.98625pt>
File: Image/GradientBoosting/SAMSUNG_7_3_GradientBoostingRegressor.png Graphic file (type png)
<use Image/GradientBoosting/SAMSUNG_7_3_GradientBoostingRegressor.png>
Package pdftex.def Info: Image/GradientBoosting/SAMSUNG_7_3_GradientBoostingRegressor.png  used on input line 764.
(pdftex.def)             Requested size: 77.39685pt x 50.4439pt.
<Image/GradientBoosting/SAMSUNG_8_2_GradientBoostingRegressor.png, id=99, 394.97563pt x 266.49562pt>
File: Image/GradientBoosting/SAMSUNG_8_2_GradientBoostingRegressor.png Graphic file (type png)
<use Image/GradientBoosting/SAMSUNG_8_2_GradientBoostingRegressor.png>
Package pdftex.def Info: Image/GradientBoosting/SAMSUNG_8_2_GradientBoostingRegressor.png  used on input line 770.
(pdftex.def)             Requested size: 77.39685pt x 52.22058pt.
<Image/XGBoost/XGBoost_LG_6_4.png, id=100, 427.5975pt x 301.72725pt>
File: Image/XGBoost/XGBoost_LG_6_4.png Graphic file (type png)
<use Image/XGBoost/XGBoost_LG_6_4.png>
Package pdftex.def Info: Image/XGBoost/XGBoost_LG_6_4.png  used on input line 786.
(pdftex.def)             Requested size: 77.39685pt x 54.61241pt.
<Image/XGBoost/XGBoost_LG_7_3.png, id=101, 427.5975pt x 302.93175pt>
File: Image/XGBoost/XGBoost_LG_7_3.png Graphic file (type png)
<use Image/XGBoost/XGBoost_LG_7_3.png>
Package pdftex.def Info: Image/XGBoost/XGBoost_LG_7_3.png  used on input line 792.
(pdftex.def)             Requested size: 77.39685pt x 54.83043pt.
<Image/XGBoost/XGBoost_LG_8_2.png, id=102, 428.19975pt x 302.3295pt>
File: Image/XGBoost/XGBoost_LG_8_2.png Graphic file (type png)
<use Image/XGBoost/XGBoost_LG_8_2.png>
Package pdftex.def Info: Image/XGBoost/XGBoost_LG_8_2.png  used on input line 798.
(pdftex.def)             Requested size: 77.39685pt x 54.643pt.
<Image/XGBoost/XGBoost_SONY_6_4.png, id=103, 407.72325pt x 304.7385pt>
File: Image/XGBoost/XGBoost_SONY_6_4.png Graphic file (type png)
<use Image/XGBoost/XGBoost_SONY_6_4.png>
Package pdftex.def Info: Image/XGBoost/XGBoost_SONY_6_4.png  used on input line 810.
(pdftex.def)             Requested size: 77.39685pt x 57.84511pt.
<Image/XGBoost/XGBoost_SONY_7_3.png, id=104, 404.712pt x 302.93175pt>
File: Image/XGBoost/XGBoost_SONY_7_3.png Graphic file (type png)
<use Image/XGBoost/XGBoost_SONY_7_3.png>
Package pdftex.def Info: Image/XGBoost/XGBoost_SONY_7_3.png  used on input line 816.
(pdftex.def)             Requested size: 77.39685pt x 57.93204pt.
<Image/XGBoost/XGBoost_SONY_8_2.png, id=105, 408.3255pt x 302.93175pt>
File: Image/XGBoost/XGBoost_SONY_8_2.png Graphic file (type png)
<use Image/XGBoost/XGBoost_SONY_8_2.png>
Package pdftex.def Info: Image/XGBoost/XGBoost_SONY_8_2.png  used on input line 822.
(pdftex.def)             Requested size: 77.39685pt x 57.41895pt.
<Image/XGBoost/XGBoost_SAMSUNG_6_4.png, id=106, 422.7795pt x 299.31825pt>
File: Image/XGBoost/XGBoost_SAMSUNG_6_4.png Graphic file (type png)
<use Image/XGBoost/XGBoost_SAMSUNG_6_4.png>
Package pdftex.def Info: Image/XGBoost/XGBoost_SAMSUNG_6_4.png  used on input line 835.
(pdftex.def)             Requested size: 77.39685pt x 54.79297pt.
<Image/XGBoost/XGBoost_SAMSUNG_7_3.png, id=107, 422.17725pt x 302.3295pt>
File: Image/XGBoost/XGBoost_SAMSUNG_7_3.png Graphic file (type png)
<use Image/XGBoost/XGBoost_SAMSUNG_7_3.png>
Package pdftex.def Info: Image/XGBoost/XGBoost_SAMSUNG_7_3.png  used on input line 841.
(pdftex.def)             Requested size: 77.39685pt x 55.42262pt.
<Image/XGBoost/XGBoost_SAMSUNG_8_2.png, id=108, 423.38174pt x 302.3295pt>
File: Image/XGBoost/XGBoost_SAMSUNG_8_2.png Graphic file (type png)
<use Image/XGBoost/XGBoost_SAMSUNG_8_2.png>
Package pdftex.def Info: Image/XGBoost/XGBoost_SAMSUNG_8_2.png  used on input line 847.
(pdftex.def)             Requested size: 77.39685pt x 55.26578pt.
<Image/NBeat/N_BEAT_LG_6_4.png, id=109, 768.471pt x 401.70074pt>
File: Image/NBeat/N_BEAT_LG_6_4.png Graphic file (type png)
<use Image/NBeat/N_BEAT_LG_6_4.png>
Package pdftex.def Info: Image/NBeat/N_BEAT_LG_6_4.png  used on input line 866.
(pdftex.def)             Requested size: 77.39685pt x 40.45438pt.
<Image/NBeat/N_BEAT_LG_7_3.png, id=110, 784.1295pt x 401.70074pt>
File: Image/NBeat/N_BEAT_LG_7_3.png Graphic file (type png)
<use Image/NBeat/N_BEAT_LG_7_3.png>
Package pdftex.def Info: Image/NBeat/N_BEAT_LG_7_3.png  used on input line 872.
(pdftex.def)             Requested size: 77.39685pt x 39.6453pt.
<Image/NBeat/N_BEAT_LG_8_2.png, id=111, 774.4935pt x 404.712pt>
File: Image/NBeat/N_BEAT_LG_8_2.png Graphic file (type png)
<use Image/NBeat/N_BEAT_LG_8_2.png>
Package pdftex.def Info: Image/NBeat/N_BEAT_LG_8_2.png  used on input line 878.
(pdftex.def)             Requested size: 77.39685pt x 40.44269pt.
<Image/NBeat/N_BEAT_SONY_6_4.png, id=112, 760.0395pt x 407.72325pt>
File: Image/NBeat/N_BEAT_SONY_6_4.png Graphic file (type png)
<use Image/NBeat/N_BEAT_SONY_6_4.png>
Package pdftex.def Info: Image/NBeat/N_BEAT_SONY_6_4.png  used on input line 891.
(pdftex.def)             Requested size: 77.39685pt x 41.51505pt.
<Image/NBeat/N_BEAT_SONY_7_3.png, id=113, 756.426pt x 405.31425pt>
File: Image/NBeat/N_BEAT_SONY_7_3.png Graphic file (type png)
<use Image/NBeat/N_BEAT_SONY_7_3.png>
Package pdftex.def Info: Image/NBeat/N_BEAT_SONY_7_3.png  used on input line 897.
(pdftex.def)             Requested size: 77.39685pt x 41.46767pt.
<Image/NBeat/N_BEAT_SONY_8_2.png, id=114, 756.426pt x 407.121pt>
File: Image/NBeat/N_BEAT_SONY_8_2.png Graphic file (type png)
<use Image/NBeat/N_BEAT_SONY_8_2.png>
Package pdftex.def Info: Image/NBeat/N_BEAT_SONY_8_2.png  used on input line 903.
(pdftex.def)             Requested size: 77.39685pt x 41.65251pt.
<Image/NBeat/N_BEAT_SAMSUNG_6_4.png, id=115, 775.09575pt x 397.485pt>
File: Image/NBeat/N_BEAT_SAMSUNG_6_4.png Graphic file (type png)
<use Image/NBeat/N_BEAT_SAMSUNG_6_4.png>
Package pdftex.def Info: Image/NBeat/N_BEAT_SAMSUNG_6_4.png  used on input line 916.
(pdftex.def)             Requested size: 77.39685pt x 39.69017pt.
<Image/NBeat/N_BEAT_SAMSUNG_7_3.png, id=116, 772.68675pt x 404.712pt>
File: Image/NBeat/N_BEAT_SAMSUNG_7_3.png Graphic file (type png)
<use Image/NBeat/N_BEAT_SAMSUNG_7_3.png>
Package pdftex.def Info: Image/NBeat/N_BEAT_SAMSUNG_7_3.png  used on input line 922.
(pdftex.def)             Requested size: 77.39685pt x 40.53532pt.
<Image/NBeat/N_BEAT_SAMSUNG_8_2.png, id=117, 766.66425pt x 406.51875pt>
File: Image/NBeat/N_BEAT_SAMSUNG_8_2.png Graphic file (type png)
<use Image/NBeat/N_BEAT_SAMSUNG_8_2.png>
Package pdftex.def Info: Image/NBeat/N_BEAT_SAMSUNG_8_2.png  used on input line 928.
(pdftex.def)             Requested size: 77.39685pt x 41.03883pt.
<Image/Light GBM/LightGBM_LG_6_4.png, id=118, 730.22812pt x 473.51906pt>
File: Image/Light GBM/LightGBM_LG_6_4.png Graphic file (type png)
<use Image/Light GBM/LightGBM_LG_6_4.png>
Package pdftex.def Info: Image/Light GBM/LightGBM_LG_6_4.png  used on input line 940.
(pdftex.def)             Requested size: 77.39685pt x 50.187pt.
<Image/Light GBM/LightGBM_LG_7_3.png, id=119, 603.75563pt x 439.6425pt>
File: Image/Light GBM/LightGBM_LG_7_3.png Graphic file (type png)
<use Image/Light GBM/LightGBM_LG_7_3.png>
Package pdftex.def Info: Image/Light GBM/LightGBM_LG_7_3.png  used on input line 946.
(pdftex.def)             Requested size: 77.39685pt x 56.35722pt.
<Image/Light GBM/LightGBM_LG_8_2.png, id=120, 642.14906pt x 427.5975pt>
File: Image/Light GBM/LightGBM_LG_8_2.png Graphic file (type png)
<use Image/Light GBM/LightGBM_LG_8_2.png>
Package pdftex.def Info: Image/Light GBM/LightGBM_LG_8_2.png  used on input line 952.
(pdftex.def)             Requested size: 77.39685pt x 51.53784pt.
File: Image/logo186x150.png Graphic file (type png)
<use Image/logo186x150.png>
Package pdftex.def Info: Image/logo186x150.png  used on input line 958.
(pdftex.def)             Requested size: 18.59961pt x 15.0pt.


Package fancyhdr Warning: \headheight is too small (12.0pt): 
(fancyhdr)                Make it at least 18.60004pt, for example:
(fancyhdr)                \setlength{\headheight}{18.60004pt}.
(fancyhdr)                You might also make \topmargin smaller to compensate:
(fancyhdr)                \addtolength{\topmargin}{-6.60004pt}.

[7 <./Image/ARIMA/SAMSUNG_6_4_Arima.png> <./Image/ARIMA/SAMSUNG_7_3_Arima.png> <./Image/ARIMA/SAMSUNG_8_2_Arima.png> <./Image/ARIMA/SONY_6_4_Arima.png> <./Image/ARIMA/SONY_7_3_Arima.png> <./Image/ARIMA/SONY_8_2_Arima.png> <./Image/VARMA/LG/6_4.png> <./Image/VARMA/LG/7_3.png> <./Image/VARMA/LG/8_2.png> <./Image/VARMA/SONY/6_4.png> <./Image/VARMA/SONY/7_3.png> <./Image/VARMA/SONY/8_2.png> <./Image/VARMA/SAMSUNG/6_4.png> <./Image/VARMA/SAMSUNG/7_3.png> <./Image/VARMA/SAMSUNG/8_2.png> <./Image/GradientBoosting/LG_6_4_GradientBoostingRegressor.png> <./Image/GradientBoosting/LG_7_3_GradientBoostingRegressor.png> <./Image/GradientBoosting/LG_8_2_GradientBoostingRegressor.png> <./Image/GradientBoosting/SONY_6_4_GradientBoostingRegressor.png> <./Image/GradientBoosting/SONY_7_3_GradientBoostingRegressor.png> <./Image/GradientBoosting/SONY_8_2_GradientBoostingRegressor.png> <./Image/GradientBoosting/SAMSUNG_6_4_GradientBoostingRegressor.png> <./Image/GradientBoosting/SAMSUNG_7_3_GradientBoostingRegressor.png> <./Image/GradientBoosting/SAMSUNG_8_2_GradientBoostingRegressor.png> <./Image/XGBoost/XGBoost_LG_6_4.png> <./Image/XGBoost/XGBoost_LG_7_3.png> <./Image/XGBoost/XGBoost_LG_8_2.png> <./Image/XGBoost/XGBoost_SONY_6_4.png> <./Image/XGBoost/XGBoost_SONY_7_3.png> <./Image/XGBoost/XGBoost_SONY_8_2.png> <./Image/XGBoost/XGBoost_SAMSUNG_6_4.png> <./Image/XGBoost/XGBoost_SAMSUNG_7_3.png> <./Image/XGBoost/XGBoost_SAMSUNG_8_2.png> <./Image/NBeat/N_BEAT_LG_6_4.png> <./Image/NBeat/N_BEAT_LG_7_3.png> <./Image/NBeat/N_BEAT_LG_8_2.png> <./Image/NBeat/N_BEAT_SONY_6_4.png> <./Image/NBeat/N_BEAT_SONY_7_3.png> <./Image/NBeat/N_BEAT_SONY_8_2.png> <./Image/NBeat/N_BEAT_SAMSUNG_6_4.png> <./Image/NBeat/N_BEAT_SAMSUNG_7_3.png> <./Image/NBeat/N_BEAT_SAMSUNG_8_2.png>]
<Image/Light GBM/LightGBM_SONY_6_4.png, id=167, 577.40718pt x 408.02437pt>
File: Image/Light GBM/LightGBM_SONY_6_4.png Graphic file (type png)
<use Image/Light GBM/LightGBM_SONY_6_4.png>
Package pdftex.def Info: Image/Light GBM/LightGBM_SONY_6_4.png  used on input line 963.
(pdftex.def)             Requested size: 77.39685pt x 54.68867pt.
<Image/Light GBM/Lightgbm_SONY_7_3.png, id=168, 593.21625pt x 456.20438pt>
File: Image/Light GBM/Lightgbm_SONY_7_3.png Graphic file (type png)
<use Image/Light GBM/Lightgbm_SONY_7_3.png>
Package pdftex.def Info: Image/Light GBM/Lightgbm_SONY_7_3.png  used on input line 969.
(pdftex.def)             Requested size: 77.39685pt x 59.51747pt.
<Image/Light GBM/LightGBM_SONY_8_2.png, id=169, 591.71063pt x 446.41782pt>
File: Image/Light GBM/LightGBM_SONY_8_2.png Graphic file (type png)
<use Image/Light GBM/LightGBM_SONY_8_2.png>
Package pdftex.def Info: Image/Light GBM/LightGBM_SONY_8_2.png  used on input line 975.
(pdftex.def)             Requested size: 77.39685pt x 58.39056pt.
<Image/Light GBM/LightGBM_SS_6_4.png, id=170, 602.25pt x 439.6425pt>
File: Image/Light GBM/LightGBM_SS_6_4.png Graphic file (type png)
<use Image/Light GBM/LightGBM_SS_6_4.png>
Package pdftex.def Info: Image/Light GBM/LightGBM_SS_6_4.png  used on input line 986.
(pdftex.def)             Requested size: 77.39685pt x 56.49811pt.
<Image/Light GBM/LightGBM_SS_7_3.png, id=171, 635.37375pt x 446.41782pt>
File: Image/Light GBM/LightGBM_SS_7_3.png Graphic file (type png)
<use Image/Light GBM/LightGBM_SS_7_3.png>
Package pdftex.def Info: Image/Light GBM/LightGBM_SS_7_3.png  used on input line 992.
(pdftex.def)             Requested size: 77.39685pt x 54.37842pt.
<Image/Light GBM/LightGBM_SS_8_2.png, id=172, 685.8122pt x 483.30562pt>
File: Image/Light GBM/LightGBM_SS_8_2.png Graphic file (type png)
<use Image/Light GBM/LightGBM_SS_8_2.png>
Package pdftex.def Info: Image/Light GBM/LightGBM_SS_8_2.png  used on input line 998.
(pdftex.def)             Requested size: 77.39685pt x 54.54283pt.
<Image/ket qua/LG_metrics.png, id=173, 1251.17438pt x 450.9347pt>
File: Image/ket qua/LG_metrics.png Graphic file (type png)
<use Image/ket qua/LG_metrics.png>
Package pdftex.def Info: Image/ket qua/LG_metrics.png  used on input line 1008.
(pdftex.def)             Requested size: 206.39685pt x 74.38725pt.
<Image/ket qua/SONY_metrics.png, id=174, 1248.91594pt x 454.69875pt>
File: Image/ket qua/SONY_metrics.png Graphic file (type png)
<use Image/ket qua/SONY_metrics.png>
Package pdftex.def Info: Image/ket qua/SONY_metrics.png  used on input line 1010.
(pdftex.def)             Requested size: 206.39685pt x 75.14pt.
<Image/ket qua/SS_metrics.png, id=175, 1251.92719pt x 450.18187pt>
File: Image/ket qua/SS_metrics.png Graphic file (type png)
<use Image/ket qua/SS_metrics.png>
Package pdftex.def Info: Image/ket qua/SS_metrics.png  used on input line 1012.
(pdftex.def)             Requested size: 206.39685pt x 74.21498pt.
File: Image/logo186x150.png Graphic file (type png)
<use Image/logo186x150.png>
Package pdftex.def Info: Image/logo186x150.png  used on input line 1043.
(pdftex.def)             Requested size: 18.59961pt x 15.0pt.


Package fancyhdr Warning: \headheight is too small (12.0pt): 
(fancyhdr)                Make it at least 18.60004pt, for example:
(fancyhdr)                \setlength{\headheight}{18.60004pt}.
(fancyhdr)                You might also make \topmargin smaller to compensate:
(fancyhdr)                \addtolength{\topmargin}{-6.60004pt}.

[8 <./Image/Light GBM/LightGBM_LG_6_4.png> <./Image/Light GBM/LightGBM_LG_7_3.png> <./Image/Light GBM/LightGBM_LG_8_2.png> <./Image/Light GBM/LightGBM_SONY_6_4.png> <./Image/Light GBM/Lightgbm_SONY_7_3.png> <./Image/Light GBM/LightGBM_SONY_8_2.png> <./Image/Light GBM/LightGBM_SS_6_4.png> <./Image/Light GBM/LightGBM_SS_7_3.png> <./Image/Light GBM/LightGBM_SS_8_2.png> <./Image/ket qua/LG_metrics.png> <./Image/ket qua/SONY_metrics.png> <./Image/ket qua/SS_metrics.png>]
Underfull \hbox (badness 1377) in paragraph at lines 1052--1053
\T5/ptm/m/n/10 Song , "Augmented Textual Features-Based Stock Market
 []


Underfull \hbox (badness 10000) in paragraph at lines 1055--1056
[]\T5/ptm/m/n/10 [4]: Warsono, Edwin Russel, Wamiliana*, Widiarti,
 []


Underfull \hbox (badness 5431) in paragraph at lines 1071--1073
[]\T5/ptm/m/n/10 [7]: Mohankumari C, Vishukumar M, Nagaraja Rao
 []


Underfull \hbox (badness 10000) in paragraph at lines 1071--1073
\T5/ptm/m/n/10 Chillale. "ANALYSIS OF DAILY STOCK TREND
 []


Underfull \hbox (badness 7613) in paragraph at lines 1071--1073
\T5/ptm/m/n/10 PREDICTION USING ARIMA MODEL", International
 []


** Conference Paper **
Before submitting the final camera ready copy, remember to:

 1. Manually equalize the lengths of two columns on the last page
 of your paper;

 2. Ensure that any PostScript and/or PDF output post-processing
 uses only Type 1 fonts and that every step in the generation
 process uses the appropriate paper size.

File: Image/logo186x150.png Graphic file (type png)
<use Image/logo186x150.png>
Package pdftex.def Info: Image/logo186x150.png  used on input line 1074.
(pdftex.def)             Requested size: 18.59961pt x 15.0pt.

Package fancyhdr Warning: \headheight is too small (12.0pt): 
(fancyhdr)                Make it at least 18.60004pt, for example:
(fancyhdr)                \setlength{\headheight}{18.60004pt}.
(fancyhdr)                You might also make \topmargin smaller to compensate:
(fancyhdr)                \addtolength{\topmargin}{-6.60004pt}.

[9

] (./Report.aux)
 ***********
LaTeX2e <2023-11-01> patch level 1
L3 programming layer <2024-02-20>
 ***********


LaTeX Warning: There were multiply-defined labels.

 ) 
Here is how much of TeX's memory you used:
 8531 strings out of 474116
 152382 string characters out of 5747718
 1951190 words of memory out of 5000000
 30781 multiletter control sequences out of 15000+600000
 610649 words of font info for 117 fonts, out of 8000000 for 9000
 1141 hyphenation exceptions out of 8191
 57i,15n,70p,1432b,373s stack positions out of 10000i,1000n,20000p,200000b,200000s
<c:/texlive/2024/texmf-dist/fonts/type1/public/amsfonts/cm/cmbx10.pfb><c:/texlive/2024/texmf-dist/fonts/type1/public/amsfonts/cm/cmex10.pfb><c:/texlive/2024/texmf-dist/fonts/type1/public/amsfonts/cm/cmmi10.pfb><c:/texlive/2024/texmf-dist/fonts/type1/public/amsfonts/cm/cmmi7.pfb><c:/texlive/2024/texmf-dist/fonts/type1/public/amsfonts/cm/cmmib10.pfb><c:/texlive/2024/texmf-dist/fonts/type1/public/amsfonts/cm/cmr10.pfb><c:/texlive/2024/texmf-dist/fonts/type1/public/amsfonts/cm/cmr7.pfb><c:/texlive/2024/texmf-dist/fonts/type1/public/amsfonts/cm/cmsy10.pfb><c:/texlive/2024/texmf-dist/fonts/type1/public/amsfonts/cm/cmsy7.pfb><c:/texlive/2024/texmf-dist/fonts/type1/vntex/urwvn/ucrr8v.pfb><c:/texlive/2024/texmf-dist/fonts/type1/vntex/urwvn/utmb8v.pfb><c:/texlive/2024/texmf-dist/fonts/type1/urw/times/utmr8a.pfb><c:/texlive/2024/texmf-dist/fonts/type1/vntex/urwvn/utmr8v.pfb><c:/texlive/2024/texmf-dist/fonts/type1/vntex/urwvn/utmri8v.pfb>
Output written on Report.pdf (9 pages, 5921287 bytes).
PDF statistics:
 255 PDF objects out of 1000 (max. 8388607)
 67 compressed objects within 1 object stream
 0 named destinations out of 1000 (max. 500000)
 371 words of extra memory for PDF output out of 10000 (max. 10000000)

